[2026-01-01 01:34:07] Listed Files in Directory: ./
[2026-01-01 01:34:55] Listed Files in Directory: ./
[2026-01-01 01:35:14] Uploaded File: .//offline.html
[2026-01-01 01:35:14] Uploaded File: .//pwa-features.html
[2026-01-01 01:35:14] Uploaded File: .//pwa-install.js
[2026-01-01 01:35:14] Uploaded File: .//CARA_INSTALL.txt
[2026-01-01 01:35:14] Uploaded File: .//config.php
[2026-01-01 01:35:14] Uploaded File: .//favicon.ico
[2026-01-01 01:35:14] Uploaded File: .//logout.php
[2026-01-01 01:35:14] Uploaded File: .//manifest.json
[2026-01-01 01:35:14] Upload Summary: 8 Success, 0 Failed in ./
[2026-01-01 01:35:19] Listed Files in Directory: ./
[2026-01-01 01:35:24] Deleted File: .//files for your website should be uploaded here!
[2026-01-01 01:35:27] Listed Files in Directory: ./
[2026-01-01 01:39:26] List Files Attempted: null - Invalid Directory
[2026-01-01 01:41:12] Listed Files in Directory: ./
[2026-01-01 01:46:59] List Files Attempted:  - Invalid Directory
[2026-01-01 01:48:17] List Files Attempted:  - Invalid Directory
[2026-01-01 01:48:24] List Files Attempted:  - Invalid Directory
[2026-01-01 01:48:28] List Files Attempted:  - Invalid Directory
[2026-01-01 01:48:31] List Files Attempted:  - Invalid Directory
[2026-01-01 01:48:40] List Files Attempted:  - Invalid Directory
[2026-01-01 01:48:54] List Files Attempted:  - Invalid Directory
[2026-01-01 01:48:56] List Files Attempted:  - Invalid Directory
[2026-01-01 01:49:34] List Files Attempted:  - Invalid Directory
[2026-01-01 01:50:41] Listed Files in Directory: .//testing
[2026-01-01 01:50:55] Uploaded File: .//testing/check_data.php
[2026-01-01 01:50:55] Uploaded File: .//testing/check_syntax.php
[2026-01-01 01:50:55] Uploaded File: .//testing/DOKUMENTASI_LENGKAP.html
[2026-01-01 01:50:55] Uploaded File: .//testing/icon-generator.html
[2026-01-01 01:50:55] Uploaded File: .//testing/index.php
[2026-01-01 01:50:55] Uploaded File: .//testing/test_connection.php
[2026-01-01 01:50:55] Uploaded File: .//testing/update_payment_enum.php
[2026-01-01 01:50:55] Upload Summary: 7 Success, 0 Failed in .//testing
[2026-01-01 01:50:58] Listed Files in Directory: .//testing
[2026-01-01 01:51:15] Listed Files in Directory: ./
[2026-01-01 01:51:16] Listed Files in Directory: .
[2026-01-01 01:51:18] Listed Files in Directory: ./
[2026-01-01 01:52:00] Listed Files in Directory: ./
[2026-01-01 01:52:10] Listed Files in Directory: .//admin
[2026-01-01 01:52:19] Uploaded File: .//admin/categories.php
[2026-01-01 01:52:19] Uploaded File: .//admin/index.php
[2026-01-01 01:52:19] Uploaded File: .//admin/products.php
[2026-01-01 01:52:19] Uploaded File: .//admin/reports.php
[2026-01-01 01:52:19] Uploaded File: .//admin/settings.php
[2026-01-01 01:52:19] Uploaded File: .//admin/stock.php
[2026-01-01 01:52:19] Uploaded File: .//admin/suppliers.php
[2026-01-01 01:52:19] Uploaded File: .//admin/users.php
[2026-01-01 01:52:19] Upload Summary: 8 Success, 0 Failed in .//admin
[2026-01-01 01:52:21] Listed Files in Directory: .//admin
[2026-01-01 01:52:23] Listed Files in Directory: ./
[2026-01-01 01:52:26] Listed Files in Directory: .//assets
[2026-01-01 01:53:05] Listed Files in Directory: .//assets
[2026-01-01 01:53:07] Listed Files in Directory: .//assets/images
[2026-01-01 01:53:33] Listed Files in Directory: .//assets/images
[2026-01-01 01:53:34] Listed Files in Directory: .//assets/images/products
[2026-01-01 01:53:47] Uploaded File: .//assets/images/products/IMPORTANT.txt
[2026-01-01 01:53:47] Uploaded File: .//assets/images/products/README.md
[2026-01-01 01:53:47] Uploaded File: .//assets/images/products/.gitkeep
[2026-01-01 01:53:47] Uploaded File: .//assets/images/products/.htaccess
[2026-01-01 01:53:47] Upload Summary: 4 Success, 0 Failed in .//assets/images/products
[2026-01-01 01:53:50] Listed Files in Directory: .//assets/images/products
[2026-01-01 01:53:55] Listed Files in Directory: .//assets/images
[2026-01-01 01:54:07] Uploaded File: .//assets/images/icon-192x192.png
[2026-01-01 01:54:07] Uploaded File: .//assets/images/icon-384x384.png
[2026-01-01 01:54:07] Uploaded File: .//assets/images/icon-512x512.png
[2026-01-01 01:54:07] Uploaded File: .//assets/images/logo.png
[2026-01-01 01:54:07] Uploaded File: .//assets/images/screenshot-1.png
[2026-01-01 01:54:07] Uploaded File: .//assets/images/screenshot-2.png
[2026-01-01 01:54:07] Uploaded File: .//assets/images/icon-72x72.png
[2026-01-01 01:54:07] Uploaded File: .//assets/images/icon-96x96.png
[2026-01-01 01:54:07] Uploaded File: .//assets/images/icon-128x128.png
[2026-01-01 01:54:07] Uploaded File: .//assets/images/icon-144x144.png
[2026-01-01 01:54:07] Uploaded File: .//assets/images/icon-152x152.png
[2026-01-01 01:54:07] Upload Summary: 11 Success, 0 Failed in .//assets/images
[2026-01-01 01:54:10] Listed Files in Directory: .//assets/images
[2026-01-01 01:54:19] Listed Files in Directory: ./
[2026-01-01 01:54:29] Listed Files in Directory: .//customer
[2026-01-01 01:54:33] Uploaded File: .//customer/orders.php
[2026-01-01 01:54:33] Uploaded File: .//customer/profile.php
[2026-01-01 01:54:33] Uploaded File: .//customer/shop.php
[2026-01-01 01:54:33] Uploaded File: .//customer/cart.php
[2026-01-01 01:54:33] Uploaded File: .//customer/checkout.php
[2026-01-01 01:54:33] Uploaded File: .//customer/get_order_details.php
[2026-01-01 01:54:33] Uploaded File: .//customer/index.php
[2026-01-01 01:54:33] Upload Summary: 7 Success, 0 Failed in .//customer
[2026-01-01 01:54:36] Listed Files in Directory: .//customer
[2026-01-01 01:54:39] Listed Files in Directory: ./
[2026-01-01 01:54:46] Listed Files in Directory: .//includes
[2026-01-01 01:54:49] Uploaded File: .//includes/functions.php
[2026-01-01 01:54:49] Uploaded File: .//includes/header.php
[2026-01-01 01:54:49] Uploaded File: .//includes/sidebar.php
[2026-01-01 01:54:49] Uploaded File: .//includes/admin_footer.php
[2026-01-01 01:54:49] Uploaded File: .//includes/admin_header.php
[2026-01-01 01:54:49] Uploaded File: .//includes/footer.php
[2026-01-01 01:54:49] Upload Summary: 6 Success, 0 Failed in .//includes
[2026-01-01 01:54:52] Listed Files in Directory: .//includes
[2026-01-01 01:54:53] Listed Files in Directory: ./
[2026-01-01 01:55:04] Listed Files in Directory: .//kasir
[2026-01-01 01:55:06] Uploaded File: .//kasir/print_receipt.php
[2026-01-01 01:55:06] Uploaded File: .//kasir/transactions.php
[2026-01-01 01:55:06] Uploaded File: .//kasir/get_transaction_detail.php
[2026-01-01 01:55:06] Uploaded File: .//kasir/index.php
[2026-01-01 01:55:06] Uploaded File: .//kasir/orders.php
[2026-01-01 01:55:06] Uploaded File: .//kasir/pos.php
[2026-01-01 01:55:06] Upload Summary: 6 Success, 0 Failed in .//kasir
[2026-01-01 01:55:11] Listed Files in Directory: .//kasir
[2026-01-01 01:55:20] Listed Files in Directory: ./
[2026-01-01 01:55:38] Uploaded File: .//index2.php
[2026-01-01 01:55:38] Upload Summary: 1 Success, 0 Failed in ./
[2026-01-01 01:55:41] Listed Files in Directory: ./
[2026-01-01 02:09:36] Listed Files in Directory: ./
[2026-01-01 02:09:50] Read File: .//index2.html
[2026-01-01 02:10:03] Deleted File: .//index2.html
[2026-01-01 02:10:05] Listed Files in Directory: ./
[2026-01-01 02:10:17] Read File: .//index.php
[2026-01-01 02:10:37] Renamed File: .//index.php to ./shell.php
[2026-01-01 02:11:43] Listed Files in Directory: ./
[2026-01-01 02:16:05] Listed Files in Directory: ./
[2026-01-01 02:23:24] Listed Files in Directory: ./
[2026-01-01 02:23:30] Listed Files in Directory: ./
[2026-01-01 02:23:40] List Files Attempted: null - Invalid Directory
[2026-01-01 02:29:41] Listed Files in Directory: ./
[2026-01-01 02:29:56] Listed Files in Directory: ./
[2026-01-01 02:30:10] Listed Files in Directory: ./
[2026-01-01 02:30:22] Listed Files in Directory: ./
[2026-01-01 02:37:52] Listed Files in Directory: ./
[2026-01-01 02:38:03] Listed Files in Directory: ./
[2026-01-01 02:38:33] Listed Files in Directory: ./
[2026-01-01 02:38:40] Listed Files in Directory: ./
[2026-01-01 02:39:37] Listed Files in Directory: ./
[2026-01-01 02:39:56] Listed Files in Directory: ./
[2026-01-01 02:40:06] Listed Files in Directory: .//admin
[2026-01-01 02:40:09] Listed Files in Directory: ./
[2026-01-01 02:40:11] Listed Files in Directory: ./
[2026-01-01 02:42:31] Listed Files in Directory: ./
[2026-01-01 03:11:56] Listed Files in Directory: ./
[2026-01-01 03:12:02] Listed Files in Directory: .//assets
[2026-01-01 03:12:04] Listed Files in Directory: .//assets/css
[2026-01-01 03:12:13] Uploaded File: .//assets/css/responsive.css
[2026-01-01 03:12:13] Uploaded File: .//assets/css/style.css
[2026-01-01 03:12:13] Uploaded File: .//assets/css/all.min.css
[2026-01-01 03:12:13] Uploaded File: .//assets/css/bootstrap.min.css
[2026-01-01 03:12:13] Upload Summary: 4 Success, 0 Failed in .//assets/css
[2026-01-01 03:12:15] Listed Files in Directory: .//assets/css
[2026-01-01 03:12:27] Listed Files in Directory: ./
[2026-01-01 03:12:30] Listed Files in Directory: .//assets
[2026-01-01 03:12:36] Listed Files in Directory: .//assets/js
[2026-01-01 03:12:43] Uploaded File: .//assets/js/chart.js
[2026-01-01 03:12:43] Uploaded File: .//assets/js/chart.min.js
[2026-01-01 03:12:43] Uploaded File: .//assets/js/jquery-3.6.0.min.js
[2026-01-01 03:12:43] Uploaded File: .//assets/js/main.js
[2026-01-01 03:12:43] Uploaded File: .//assets/js/bootstrap.bundle.min.js
[2026-01-01 03:12:43] Upload Summary: 5 Success, 0 Failed in .//assets/js
[2026-01-01 03:12:46] Listed Files in Directory: .//assets/js
